<?xml version="1.0" encoding="utf-8"?>
<coverage line-rate="0.1673" branch-rate="0.08" version="1.9" timestamp="1777824523" lines-covered="193" lines-valid="1153" branches-covered="20" branches-valid="250">
  <sources>
    <source>D:\CSharp\InteractHub\backend\</source>
  </sources>
  <packages>
    <package name="Application" line-rate="0.1525" branch-rate="0.08" complexity="466">
      <classes>
        <class name="InteractHub.Infrastructure.Auth.JwtTokenService" filename="Application\Interfaces\Infrastructure\Auth\JwtTokenService.cs" line-rate="0" branch-rate="0" complexity="9">
          <methods>
            <method name="GenerateAccessToken" signature="(InteractHub.Domain.Entities.ApplicationUser,System.Collections.Generic.IEnumerable`1&lt;System.String&gt;)" line-rate="0" branch-rate="0" complexity="8">
              <lines>
                <line number="23" hits="0" branch="False" />
                <line number="24" hits="0" branch="True" condition-coverage="0% (0/8)">
                  <conditions>
                    <condition number="42" type="jump" coverage="0%" />
                    <condition number="74" type="jump" coverage="0%" />
                    <condition number="129" type="jump" coverage="0%" />
                    <condition number="161" type="jump" coverage="0%" />
                  </conditions>
                </line>
                <line number="25" hits="0" branch="False" />
                <line number="26" hits="0" branch="False" />
                <line number="27" hits="0" branch="False" />
                <line number="28" hits="0" branch="False" />
                <line number="29" hits="0" branch="False" />
                <line number="30" hits="0" branch="False" />
                <line number="31" hits="0" branch="False" />
                <line number="32" hits="0" branch="False" />
                <line number="34" hits="0" branch="False" />
                <line number="36" hits="0" branch="False" />
                <line number="37" hits="0" branch="False" />
                <line number="39" hits="0" branch="False" />
                <line number="40" hits="0" branch="False" />
                <line number="41" hits="0" branch="False" />
                <line number="42" hits="0" branch="False" />
                <line number="43" hits="0" branch="False" />
                <line number="44" hits="0" branch="False" />
                <line number="46" hits="0" branch="False" />
                <line number="47" hits="0" branch="False" />
              </lines>
            </method>
            <method name=".ctor" signature="(Microsoft.Extensions.Options.IOptions`1&lt;InteractHub.Infrastructure.Options.JwtOptions&gt;)" line-rate="0" branch-rate="1" complexity="1">
              <lines>
                <line number="17" hits="0" branch="False" />
                <line number="18" hits="0" branch="False" />
                <line number="19" hits="0" branch="False" />
                <line number="20" hits="0" branch="False" />
              </lines>
            </method>
          </methods>
          <lines>
            <line number="23" hits="0" branch="False" />
            <line number="24" hits="0" branch="True" condition-coverage="0% (0/8)">
              <conditions>
                <condition number="42" type="jump" coverage="0%" />
                <condition number="74" type="jump" coverage="0%" />
                <condition number="129" type="jump" coverage="0%" />
                <condition number="161" type="jump" coverage="0%" />
              </conditions>
            </line>
            <line number="25" hits="0" branch="False" />
            <line number="26" hits="0" branch="False" />
            <line number="27" hits="0" branch="False" />
            <line number="28" hits="0" branch="False" />
            <line number="29" hits="0" branch="False" />
            <line number="30" hits="0" branch="False" />
            <line number="31" hits="0" branch="False" />
            <line number="32" hits="0" branch="False" />
            <line number="34" hits="0" branch="False" />
            <line number="36" hits="0" branch="False" />
            <line number="37" hits="0" branch="False" />
            <line number="39" hits="0" branch="False" />
            <line number="40" hits="0" branch="False" />
            <line number="41" hits="0" branch="False" />
            <line number="42" hits="0" branch="False" />
            <line number="43" hits="0" branch="False" />
            <line number="44" hits="0" branch="False" />
            <line number="46" hits="0" branch="False" />
            <line number="47" hits="0" branch="False" />
            <line number="17" hits="0" branch="False" />
            <line number="18" hits="0" branch="False" />
            <line number="19" hits="0" branch="False" />
            <line number="20" hits="0" branch="False" />
          </lines>
        </class>
        <class name="InteractHub.Application.Services.AuthService" filename="Application\Services\AuthService.cs" line-rate="1" branch-rate="1" complexity="1">
          <methods>
            <method name=".ctor" signature="(Microsoft.AspNetCore.Identity.UserManager`1&lt;InteractHub.Domain.Entities.ApplicationUser&gt;,InteractHub.Application.Interfaces.Infrastructure.IJwtTokenService,Microsoft.Extensions.Options.IOptions`1&lt;InteractHub.Infrastructure.Options.IdentitySeedOptions&gt;)" line-rate="1" branch-rate="1" complexity="1">
              <lines>
                <line number="18" hits="5" branch="False" />
                <line number="19" hits="5" branch="False" />
                <line number="20" hits="5" branch="False" />
                <line number="21" hits="5" branch="False" />
                <line number="22" hits="5" branch="False" />
                <line number="23" hits="5" branch="False" />
                <line number="24" hits="5" branch="False" />
                <line number="25" hits="5" branch="False" />
                <line number="26" hits="5" branch="False" />
              </lines>
            </method>
          </methods>
          <lines>
            <line number="18" hits="5" branch="False" />
            <line number="19" hits="5" branch="False" />
            <line number="20" hits="5" branch="False" />
            <line number="21" hits="5" branch="False" />
            <line number="22" hits="5" branch="False" />
            <line number="23" hits="5" branch="False" />
            <line number="24" hits="5" branch="False" />
            <line number="25" hits="5" branch="False" />
            <line number="26" hits="5" branch="False" />
          </lines>
        </class>
        <class name="InteractHub.Application.Services.AuthService/&lt;&gt;c" filename="Application\Services\AuthService.cs" line-rate="1" branch-rate="1" complexity="1">
          <methods>
            <method name="&lt;RegisterAsync&gt;b__4_0" signature="(Microsoft.AspNetCore.Identity.IdentityError)" line-rate="1" branch-rate="1" complexity="1">
              <lines>
                <line number="55" hits="2" branch="False" />
              </lines>
            </method>
          </methods>
          <lines>
            <line number="55" hits="2" branch="False" />
          </lines>
        </class>
        <class name="InteractHub.Application.Services.AuthService/&lt;LoginAsync&gt;d__5" filename="Application\Services\AuthService.cs" line-rate="0.9309999999999999" branch-rate="0.7" complexity="10">
          <methods>
            <method name="MoveNext" signature="()" line-rate="0.9309999999999999" branch-rate="0.7" complexity="10">
              <lines>
                <line number="73" hits="3" branch="False" />
                <line number="74" hits="3" branch="False" />
                <line number="75" hits="3" branch="True" condition-coverage="100% (2/2)">
                  <conditions>
                    <condition number="194" type="jump" coverage="100%" />
                  </conditions>
                </line>
                <line number="76" hits="1" branch="False" />
                <line number="77" hits="1" branch="False" />
                <line number="80" hits="2" branch="True" condition-coverage="50% (1/2)">
                  <conditions>
                    <condition number="242" type="jump" coverage="50%" />
                  </conditions>
                </line>
                <line number="81" hits="0" branch="False" />
                <line number="82" hits="0" branch="False" />
                <line number="85" hits="2" branch="False" />
                <line number="86" hits="2" branch="True" condition-coverage="100% (2/2)">
                  <conditions>
                    <condition number="428" type="jump" coverage="100%" />
                  </conditions>
                </line>
                <line number="87" hits="1" branch="False" />
                <line number="88" hits="1" branch="False" />
                <line number="91" hits="1" branch="False" />
                <line number="92" hits="1" branch="False" />
                <line number="94" hits="1" branch="True" condition-coverage="50% (2/4)">
                  <conditions>
                    <condition number="717" type="jump" coverage="50%" />
                    <condition number="762" type="jump" coverage="50%" />
                  </conditions>
                </line>
                <line number="95" hits="1" branch="False" />
                <line number="96" hits="1" branch="False" />
                <line number="97" hits="1" branch="False" />
                <line number="98" hits="1" branch="False" />
                <line number="99" hits="1" branch="False" />
                <line number="100" hits="1" branch="False" />
                <line number="101" hits="1" branch="False" />
                <line number="102" hits="1" branch="False" />
                <line number="103" hits="1" branch="False" />
                <line number="104" hits="1" branch="False" />
                <line number="105" hits="1" branch="False" />
                <line number="106" hits="1" branch="False" />
                <line number="108" hits="1" branch="False" />
                <line number="109" hits="3" branch="False" />
              </lines>
            </method>
          </methods>
          <lines>
            <line number="73" hits="3" branch="False" />
            <line number="74" hits="3" branch="False" />
            <line number="75" hits="3" branch="True" condition-coverage="100% (2/2)">
              <conditions>
                <condition number="194" type="jump" coverage="100%" />
              </conditions>
            </line>
            <line number="76" hits="1" branch="False" />
            <line number="77" hits="1" branch="False" />
            <line number="80" hits="2" branch="True" condition-coverage="50% (1/2)">
              <conditions>
                <condition number="242" type="jump" coverage="50%" />
              </conditions>
            </line>
            <line number="81" hits="0" branch="False" />
            <line number="82" hits="0" branch="False" />
            <line number="85" hits="2" branch="False" />
            <line number="86" hits="2" branch="True" condition-coverage="100% (2/2)">
              <conditions>
                <condition number="428" type="jump" coverage="100%" />
              </conditions>
            </line>
            <line number="87" hits="1" branch="False" />
            <line number="88" hits="1" branch="False" />
            <line number="91" hits="1" branch="False" />
            <line number="92" hits="1" branch="False" />
            <line number="94" hits="1" branch="True" condition-coverage="50% (2/4)">
              <conditions>
                <condition number="717" type="jump" coverage="50%" />
                <condition number="762" type="jump" coverage="50%" />
              </conditions>
            </line>
            <line number="95" hits="1" branch="False" />
            <line number="96" hits="1" branch="False" />
            <line number="97" hits="1" branch="False" />
            <line number="98" hits="1" branch="False" />
            <line number="99" hits="1" branch="False" />
            <line number="100" hits="1" branch="False" />
            <line number="101" hits="1" branch="False" />
            <line number="102" hits="1" branch="False" />
            <line number="103" hits="1" branch="False" />
            <line number="104" hits="1" branch="False" />
            <line number="105" hits="1" branch="False" />
            <line number="106" hits="1" branch="False" />
            <line number="108" hits="1" branch="False" />
            <line number="109" hits="3" branch="False" />
          </lines>
        </class>
        <class name="InteractHub.Application.Services.AuthService/&lt;RegisterAsync&gt;d__4" filename="Application\Services\AuthService.cs" line-rate="0.875" branch-rate="0.6" complexity="10">
          <methods>
            <method name="MoveNext" signature="()" line-rate="0.875" branch-rate="0.6" complexity="10">
              <lines>
                <line number="29" hits="2" branch="False" />
                <line number="30" hits="2" branch="False" />
                <line number="31" hits="2" branch="True" condition-coverage="50% (1/2)">
                  <conditions>
                    <condition number="203" type="jump" coverage="50%" />
                  </conditions>
                </line>
                <line number="32" hits="0" branch="False" />
                <line number="33" hits="0" branch="False" />
                <line number="36" hits="2" branch="False" />
                <line number="37" hits="2" branch="True" condition-coverage="50% (1/2)">
                  <conditions>
                    <condition number="390" type="jump" coverage="50%" />
                  </conditions>
                </line>
                <line number="38" hits="0" branch="False" />
                <line number="39" hits="0" branch="False" />
                <line number="42" hits="2" branch="False" />
                <line number="43" hits="2" branch="False" />
                <line number="44" hits="2" branch="False" />
                <line number="45" hits="2" branch="False" />
                <line number="46" hits="2" branch="False" />
                <line number="47" hits="2" branch="False" />
                <line number="48" hits="2" branch="False" />
                <line number="50" hits="2" branch="False" />
                <line number="51" hits="2" branch="True" condition-coverage="100% (2/2)">
                  <conditions>
                    <condition number="661" type="jump" coverage="100%" />
                  </conditions>
                </line>
                <line number="52" hits="1" branch="False" />
                <line number="53" hits="1" branch="False" />
                <line number="54" hits="1" branch="False" />
                <line number="58" hits="1" branch="False" />
                <line number="60" hits="1" branch="True" condition-coverage="50% (2/4)">
                  <conditions>
                    <condition number="885" type="jump" coverage="50%" />
                    <condition number="930" type="jump" coverage="50%" />
                  </conditions>
                </line>
                <line number="61" hits="1" branch="False" />
                <line number="62" hits="1" branch="False" />
                <line number="63" hits="1" branch="False" />
                <line number="64" hits="1" branch="False" />
                <line number="65" hits="1" branch="False" />
                <line number="66" hits="1" branch="False" />
                <line number="67" hits="1" branch="False" />
                <line number="69" hits="1" branch="False" />
                <line number="70" hits="2" branch="False" />
              </lines>
            </method>
          </methods>
          <lines>
            <line number="29" hits="2" branch="False" />
            <line number="30" hits="2" branch="False" />
            <line number="31" hits="2" branch="True" condition-coverage="50% (1/2)">
              <conditions>
                <condition number="203" type="jump" coverage="50%" />
              </conditions>
            </line>
            <line number="32" hits="0" branch="False" />
            <line number="33" hits="0" branch="False" />
            <line number="36" hits="2" branch="False" />
            <line number="37" hits="2" branch="True" condition-coverage="50% (1/2)">
              <conditions>
                <condition number="390" type="jump" coverage="50%" />
              </conditions>
            </line>
            <line number="38" hits="0" branch="False" />
            <line number="39" hits="0" branch="False" />
            <line number="42" hits="2" branch="False" />
            <line number="43" hits="2" branch="False" />
            <line number="44" hits="2" branch="False" />
            <line number="45" hits="2" branch="False" />
            <line number="46" hits="2" branch="False" />
            <line number="47" hits="2" branch="False" />
            <line number="48" hits="2" branch="False" />
            <line number="50" hits="2" branch="False" />
            <line number="51" hits="2" branch="True" condition-coverage="100% (2/2)">
              <conditions>
                <condition number="661" type="jump" coverage="100%" />
              </conditions>
            </line>
            <line number="52" hits="1" branch="False" />
            <line number="53" hits="1" branch="False" />
            <line number="54" hits="1" branch="False" />
            <line number="58" hits="1" branch="False" />
            <line number="60" hits="1" branch="True" condition-coverage="50% (2/4)">
              <conditions>
                <condition number="885" type="jump" coverage="50%" />
                <condition number="930" type="jump" coverage="50%" />
              </conditions>
            </line>
            <line number="61" hits="1" branch="False" />
            <line number="62" hits="1" branch="False" />
            <line number="63" hits="1" branch="False" />
            <line number="64" hits="1" branch="False" />
            <line number="65" hits="1" branch="False" />
            <line number="66" hits="1" branch="False" />
            <line number="67" hits="1" branch="False" />
            <line number="69" hits="1" branch="False" />
            <line number="70" hits="2" branch="False" />
          </lines>
        </class>
        <class name="InteractHub.Application.Services.CommentService" filename="Application\Services\CommentService.cs" line-rate="0" branch-rate="1" complexity="1">
          <methods>
            <method name=".ctor" signature="(InteractHub.Application.Interfaces.Repositories.ICommentRepository)" line-rate="0" branch-rate="1" complexity="1">
              <lines>
                <line number="11" hits="0" branch="False" />
                <line number="12" hits="0" branch="False" />
                <line number="13" hits="0" branch="False" />
                <line number="14" hits="0" branch="False" />
              </lines>
            </method>
          </methods>
          <lines>
            <line number="11" hits="0" branch="False" />
            <line number="12" hits="0" branch="False" />
            <line number="13" hits="0" branch="False" />
            <line number="14" hits="0" branch="False" />
          </lines>
        </class>
        <class name="InteractHub.Application.Services.CommentService/&lt;CreateComment&gt;d__6" filename="Application\Services\CommentService.cs" line-rate="0" branch-rate="1" complexity="1">
          <methods>
            <method name="MoveNext" signature="()" line-rate="0" branch-rate="1" complexity="1">
              <lines>
                <line number="32" hits="0" branch="False" />
                <line number="33" hits="0" branch="False" />
                <line number="34" hits="0" branch="False" />
                <line number="35" hits="0" branch="False" />
                <line number="36" hits="0" branch="False" />
                <line number="37" hits="0" branch="False" />
                <line number="38" hits="0" branch="False" />
                <line number="39" hits="0" branch="False" />
                <line number="40" hits="0" branch="False" />
                <line number="41" hits="0" branch="False" />
                <line number="42" hits="0" branch="False" />
                <line number="43" hits="0" branch="False" />
              </lines>
            </method>
          </methods>
          <lines>
            <line number="32" hits="0" branch="False" />
            <line number="33" hits="0" branch="False" />
            <line number="34" hits="0" branch="False" />
            <line number="35" hits="0" branch="False" />
            <line number="36" hits="0" branch="False" />
            <line number="37" hits="0" branch="False" />
            <line number="38" hits="0" branch="False" />
            <line number="39" hits="0" branch="False" />
            <line number="40" hits="0" branch="False" />
            <line number="41" hits="0" branch="False" />
            <line number="42" hits="0" branch="False" />
            <line number="43" hits="0" branch="False" />
          </lines>
        </class>
        <class name="InteractHub.Application.Services.CommentService/&lt;DeleteComment&gt;d__8" filename="Application\Services\CommentService.cs" line-rate="0" branch-rate="1" complexity="1">
          <methods>
            <method name="MoveNext" signature="()" line-rate="0" branch-rate="1" complexity="1">
              <lines>
                <line number="49" hits="0" branch="False" />
                <line number="50" hits="0" branch="False" />
                <line number="51" hits="0" branch="False" />
              </lines>
            </method>
          </methods>
          <lines>
            <line number="49" hits="0" branch="False" />
            <line number="50" hits="0" branch="False" />
            <line number="51" hits="0" branch="False" />
          </lines>
        </class>
        <class name="InteractHub.Application.Services.CommentService/&lt;Get10CommentsByParentCommentIdFromPostByPostId&gt;d__5" filename="Application\Services\CommentService.cs" line-rate="0" branch-rate="1" complexity="1">
          <methods>
            <method name="MoveNext" signature="()" line-rate="0" branch-rate="1" complexity="1">
              <lines>
                <line number="28" hits="0" branch="False" />
                <line number="29" hits="0" branch="False" />
                <line number="30" hits="0" branch="False" />
              </lines>
            </method>
          </methods>
          <lines>
            <line number="28" hits="0" branch="False" />
            <line number="29" hits="0" branch="False" />
            <line number="30" hits="0" branch="False" />
          </lines>
        </class>
        <class name="InteractHub.Application.Services.CommentService/&lt;Get10CommentsFromPostByPostId&gt;d__4" filename="Application\Services\CommentService.cs" line-rate="0" branch-rate="1" complexity="1">
          <methods>
            <method name="MoveNext" signature="()" line-rate="0" branch-rate="1" complexity="1">
              <lines>
                <line number="24" hits="0" branch="False" />
                <line number="25" hits="0" branch="False" />
                <line number="26" hits="0" branch="False" />
              </lines>
            </method>
          </methods>
          <lines>
            <line number="24" hits="0" branch="False" />
            <line number="25" hits="0" branch="False" />
            <line number="26" hits="0" branch="False" />
          </lines>
        </class>
        <class name="InteractHub.Application.Services.CommentService/&lt;GetAllComments&gt;d__2" filename="Application\Services\CommentService.cs" line-rate="0" branch-rate="1" complexity="1">
          <methods>
            <method name="MoveNext" signature="()" line-rate="0" branch-rate="1" complexity="1">
              <lines>
                <line number="16" hits="0" branch="False" />
                <line number="17" hits="0" branch="False" />
                <line number="18" hits="0" branch="False" />
              </lines>
            </method>
          </methods>
          <lines>
            <line number="16" hits="0" branch="False" />
            <line number="17" hits="0" branch="False" />
            <line number="18" hits="0" branch="False" />
          </lines>
        </class>
        <class name="InteractHub.Application.Services.CommentService/&lt;GetCommentById&gt;d__3" filename="Application\Services\CommentService.cs" line-rate="0" branch-rate="1" complexity="1">
          <methods>
            <method name="MoveNext" signature="()" line-rate="0" branch-rate="1" complexity="1">
              <lines>
                <line number="20" hits="0" branch="False" />
                <line number="21" hits="0" branch="False" />
                <line number="22" hits="0" branch="False" />
              </lines>
            </method>
          </methods>
          <lines>
            <line number="20" hits="0" branch="False" />
            <line number="21" hits="0" branch="False" />
            <line number="22" hits="0" branch="False" />
          </lines>
        </class>
        <class name="InteractHub.Application.Services.CommentService/&lt;GetCommentsByPostId&gt;d__9" filename="Application\Services\CommentService.cs" line-rate="0" branch-rate="1" complexity="1">
          <methods>
            <method name="MoveNext" signature="()" line-rate="0" branch-rate="1" complexity="1">
              <lines>
                <line number="53" hits="0" branch="False" />
                <line number="54" hits="0" branch="False" />
                <line number="55" hits="0" branch="False" />
              </lines>
            </method>
          </methods>
          <lines>
            <line number="53" hits="0" branch="False" />
            <line number="54" hits="0" branch="False" />
            <line number="55" hits="0" branch="False" />
          </lines>
        </class>
        <class name="InteractHub.Application.Services.CommentService/&lt;UpdateComment&gt;d__7" filename="Application\Services\CommentService.cs" line-rate="0" branch-rate="1" complexity="1">
          <methods>
            <method name="MoveNext" signature="()" line-rate="0" branch-rate="1" complexity="1">
              <lines>
                <line number="45" hits="0" branch="False" />
                <line number="46" hits="0" branch="False" />
                <line number="47" hits="0" branch="False" />
              </lines>
            </method>
          </methods>
          <lines>
            <line number="45" hits="0" branch="False" />
            <line number="46" hits="0" branch="False" />
            <line number="47" hits="0" branch="False" />
          </lines>
        </class>
        <class name="InteractHub.Application.Services.FileStorageService" filename="Application\Services\FileStorageService.cs" line-rate="0" branch-rate="1" complexity="1">
          <methods>
            <method name=".ctor" signature="(Microsoft.Extensions.Options.IOptions`1&lt;InteractHub.Infrastructure.Options.BlobStorageOptions&gt;,Microsoft.Extensions.Logging.ILogger`1&lt;InteractHub.Application.Services.FileStorageService&gt;)" line-rate="0" branch-rate="1" complexity="1">
              <lines>
                <line number="13" hits="0" branch="False" />
                <line number="14" hits="0" branch="False" />
                <line number="15" hits="0" branch="False" />
                <line number="16" hits="0" branch="False" />
                <line number="17" hits="0" branch="False" />
                <line number="18" hits="0" branch="False" />
                <line number="19" hits="0" branch="False" />
              </lines>
            </method>
          </methods>
          <lines>
            <line number="13" hits="0" branch="False" />
            <line number="14" hits="0" branch="False" />
            <line number="15" hits="0" branch="False" />
            <line number="16" hits="0" branch="False" />
            <line number="17" hits="0" branch="False" />
            <line number="18" hits="0" branch="False" />
            <line number="19" hits="0" branch="False" />
          </lines>
        </class>
        <class name="InteractHub.Application.Services.FileStorageService/&lt;DeleteAsync&gt;d__4" filename="Application\Services\FileStorageService.cs" line-rate="0" branch-rate="0" complexity="8">
          <methods>
            <method name="MoveNext" signature="()" line-rate="0" branch-rate="0" complexity="8">
              <lines>
                <line number="72" hits="0" branch="False" />
                <line number="73" hits="0" branch="True" condition-coverage="0% (0/2)">
                  <conditions>
                    <condition number="31" type="jump" coverage="0%" />
                  </conditions>
                </line>
                <line number="74" hits="0" branch="False" />
                <line number="76" hits="0" branch="True" condition-coverage="0% (0/2)">
                  <conditions>
                    <condition number="51" type="jump" coverage="0%" />
                  </conditions>
                </line>
                <line number="77" hits="0" branch="False" />
                <line number="80" hits="0" branch="False" />
                <line number="81" hits="0" branch="True" condition-coverage="0% (0/2)">
                  <conditions>
                    <condition number="95" type="jump" coverage="0%" />
                  </conditions>
                </line>
                <line number="83" hits="0" branch="True" condition-coverage="0% (0/2)">
                  <conditions>
                    <condition number="138" type="jump" coverage="0%" />
                  </conditions>
                </line>
                <line number="84" hits="0" branch="False" />
                <line number="85" hits="0" branch="False" />
                <line number="86" hits="0" branch="False" />
                <line number="87" hits="0" branch="False" />
                <line number="88" hits="0" branch="False" />
                <line number="89" hits="0" branch="False" />
                <line number="90" hits="0" branch="False" />
                <line number="91" hits="0" branch="False" />
                <line number="92" hits="0" branch="False" />
                <line number="94" hits="0" branch="False" />
                <line number="95" hits="0" branch="False" />
              </lines>
            </method>
          </methods>
          <lines>
            <line number="72" hits="0" branch="False" />
            <line number="73" hits="0" branch="True" condition-coverage="0% (0/2)">
              <conditions>
                <condition number="31" type="jump" coverage="0%" />
              </conditions>
            </line>
            <line number="74" hits="0" branch="False" />
            <line number="76" hits="0" branch="True" condition-coverage="0% (0/2)">
              <conditions>
                <condition number="51" type="jump" coverage="0%" />
              </conditions>
            </line>
            <line number="77" hits="0" branch="False" />
            <line number="80" hits="0" branch="False" />
            <line number="81" hits="0" branch="True" condition-coverage="0% (0/2)">
              <conditions>
                <condition number="95" type="jump" coverage="0%" />
              </conditions>
            </line>
            <line number="83" hits="0" branch="True" condition-coverage="0% (0/2)">
              <conditions>
                <condition number="138" type="jump" coverage="0%" />
              </conditions>
            </line>
            <line number="84" hits="0" branch="False" />
            <line number="85" hits="0" branch="False" />
            <line number="86" hits="0" branch="False" />
            <line number="87" hits="0" branch="False" />
            <line number="88" hits="0" branch="False" />
            <line number="89" hits="0" branch="False" />
            <line number="90" hits="0" branch="False" />
            <line number="91" hits="0" branch="False" />
            <line number="92" hits="0" branch="False" />
            <line number="94" hits="0" branch="False" />
            <line number="95" hits="0" branch="False" />
          </lines>
        </class>
        <class name="InteractHub.Application.Services.FileStorageService/&lt;UploadAsync&gt;d__3" filename="Application\Services\FileStorageService.cs" line-rate="0" branch-rate="0" complexity="10">
          <methods>
            <method name="MoveNext" signature="()" line-rate="0" branch-rate="0" complexity="10">
              <lines>
                <line number="27" hits="0" branch="False" />
                <line number="28" hits="0" branch="True" condition-coverage="0% (0/2)">
                  <conditions>
                    <condition number="26" type="jump" coverage="0%" />
                  </conditions>
                </line>
                <line number="29" hits="0" branch="True" condition-coverage="0% (0/2)">
                  <conditions>
                    <condition number="52" type="jump" coverage="0%" />
                  </conditions>
                </line>
                <line number="30" hits="0" branch="True" condition-coverage="0% (0/2)">
                  <conditions>
                    <condition number="85" type="jump" coverage="0%" />
                  </conditions>
                </line>
                <line number="33" hits="0" branch="False" />
                <line number="35" hits="0" branch="True" condition-coverage="0% (0/2)">
                  <conditions>
                    <condition number="139" type="jump" coverage="0%" />
                  </conditions>
                </line>
                <line number="38" hits="0" branch="True" condition-coverage="0% (0/2)">
                  <conditions>
                    <condition number="181" type="jump" coverage="0%" />
                  </conditions>
                </line>
                <line number="39" hits="0" branch="False" />
                <line number="40" hits="0" branch="False" />
                <line number="41" hits="0" branch="False" />
                <line number="44" hits="0" branch="False" />
                <line number="45" hits="0" branch="False" />
                <line number="46" hits="0" branch="False" />
                <line number="49" hits="0" branch="False" />
                <line number="50" hits="0" branch="False" />
                <line number="51" hits="0" branch="False" />
                <line number="52" hits="0" branch="False" />
                <line number="55" hits="0" branch="False" />
                <line number="57" hits="0" branch="False" />
                <line number="59" hits="0" branch="False" />
                <line number="61" hits="0" branch="False" />
                <line number="62" hits="0" branch="False" />
                <line number="63" hits="0" branch="False" />
                <line number="64" hits="0" branch="False" />
                <line number="66" hits="0" branch="False" />
              </lines>
            </method>
          </methods>
          <lines>
            <line number="27" hits="0" branch="False" />
            <line number="28" hits="0" branch="True" condition-coverage="0% (0/2)">
              <conditions>
                <condition number="26" type="jump" coverage="0%" />
              </conditions>
            </line>
            <line number="29" hits="0" branch="True" condition-coverage="0% (0/2)">
              <conditions>
                <condition number="52" type="jump" coverage="0%" />
              </conditions>
            </line>
            <line number="30" hits="0" branch="True" condition-coverage="0% (0/2)">
              <conditions>
                <condition number="85" type="jump" coverage="0%" />
              </conditions>
            </line>
            <line number="33" hits="0" branch="False" />
            <line number="35" hits="0" branch="True" condition-coverage="0% (0/2)">
              <conditions>
                <condition number="139" type="jump" coverage="0%" />
              </conditions>
            </line>
            <line number="38" hits="0" branch="True" condition-coverage="0% (0/2)">
              <conditions>
                <condition number="181" type="jump" coverage="0%" />
              </conditions>
            </line>
            <line number="39" hits="0" branch="False" />
            <line number="40" hits="0" branch="False" />
            <line number="41" hits="0" branch="False" />
            <line number="44" hits="0" branch="False" />
            <line number="45" hits="0" branch="False" />
            <line number="46" hits="0" branch="False" />
            <line number="49" hits="0" branch="False" />
            <line number="50" hits="0" branch="False" />
            <line number="51" hits="0" branch="False" />
            <line number="52" hits="0" branch="False" />
            <line number="55" hits="0" branch="False" />
            <line number="57" hits="0" branch="False" />
            <line number="59" hits="0" branch="False" />
            <line number="61" hits="0" branch="False" />
            <line number="62" hits="0" branch="False" />
            <line number="63" hits="0" branch="False" />
            <line number="64" hits="0" branch="False" />
            <line number="66" hits="0" branch="False" />
          </lines>
        </class>
        <class name="InteractHub.Application.Services.FriendshipService" filename="Application\Services\FriendshipService.cs" line-rate="1" branch-rate="1" complexity="1">
          <methods>
            <method name=".ctor" signature="(InteractHub.Application.Interfaces.Repositories.IFriendshipRepository)" line-rate="1" branch-rate="1" complexity="1">
              <lines>
                <line number="13" hits="5" branch="False" />
                <line number="14" hits="5" branch="False" />
                <line number="15" hits="5" branch="False" />
                <line number="16" hits="5" branch="False" />
              </lines>
            </method>
          </methods>
          <lines>
            <line number="13" hits="5" branch="False" />
            <line number="14" hits="5" branch="False" />
            <line number="15" hits="5" branch="False" />
            <line number="16" hits="5" branch="False" />
          </lines>
        </class>
        <class name="InteractHub.Application.Services.FriendshipService/&lt;AcceptFriendRequest&gt;d__7" filename="Application\Services\FriendshipService.cs" line-rate="1" branch-rate="1" complexity="1">
          <methods>
            <method name="MoveNext" signature="()" line-rate="1" branch-rate="1" complexity="1">
              <lines>
                <line number="49" hits="2" branch="False" />
                <line number="50" hits="2" branch="False" />
                <line number="51" hits="2" branch="False" />
              </lines>
            </method>
          </methods>
          <lines>
            <line number="49" hits="2" branch="False" />
            <line number="50" hits="2" branch="False" />
            <line number="51" hits="2" branch="False" />
          </lines>
        </class>
        <class name="InteractHub.Application.Services.FriendshipService/&lt;BlockFriend&gt;d__6" filename="Application\Services\FriendshipService.cs" line-rate="0" branch-rate="1" complexity="1">
          <methods>
            <method name="MoveNext" signature="()" line-rate="0" branch-rate="1" complexity="1">
              <lines>
                <line number="45" hits="0" branch="False" />
                <line number="46" hits="0" branch="False" />
                <line number="47" hits="0" branch="False" />
              </lines>
            </method>
          </methods>
          <lines>
            <line number="45" hits="0" branch="False" />
            <line number="46" hits="0" branch="False" />
            <line number="47" hits="0" branch="False" />
          </lines>
        </class>
        <class name="InteractHub.Application.Services.FriendshipService/&lt;CreateFriendRequest&gt;d__5" filename="Application\Services\FriendshipService.cs" line-rate="1" branch-rate="1" complexity="1">
          <methods>
            <method name="MoveNext" signature="()" line-rate="1" branch-rate="1" complexity="1">
              <lines>
                <line number="30" hits="1" branch="False" />
                <line number="31" hits="1" branch="False" />
                <line number="32" hits="1" branch="False" />
                <line number="33" hits="1" branch="False" />
                <line number="34" hits="1" branch="False" />
                <line number="35" hits="1" branch="False" />
                <line number="36" hits="1" branch="False" />
                <line number="37" hits="1" branch="False" />
                <line number="38" hits="1" branch="False" />
                <line number="39" hits="1" branch="False" />
                <line number="40" hits="1" branch="False" />
                <line number="41" hits="1" branch="False" />
                <line number="42" hits="1" branch="False" />
                <line number="43" hits="1" branch="False" />
              </lines>
            </method>
          </methods>
          <lines>
            <line number="30" hits="1" branch="False" />
            <line number="31" hits="1" branch="False" />
            <line number="32" hits="1" branch="False" />
            <line number="33" hits="1" branch="False" />
            <line number="34" hits="1" branch="False" />
            <line number="35" hits="1" branch="False" />
            <line number="36" hits="1" branch="False" />
            <line number="37" hits="1" branch="False" />
            <line number="38" hits="1" branch="False" />
            <line number="39" hits="1" branch="False" />
            <line number="40" hits="1" branch="False" />
            <line number="41" hits="1" branch="False" />
            <line number="42" hits="1" branch="False" />
            <line number="43" hits="1" branch="False" />
          </lines>
        </class>
        <class name="InteractHub.Application.Services.FriendshipService/&lt;Get10FriendRequestByReceiverId&gt;d__3" filename="Application\Services\FriendshipService.cs" line-rate="0" branch-rate="1" complexity="1">
          <methods>
            <method name="MoveNext" signature="()" line-rate="0" branch-rate="1" complexity="1">
              <lines>
                <line number="22" hits="0" branch="False" />
                <line number="23" hits="0" branch="False" />
                <line number="24" hits="0" branch="False" />
              </lines>
            </method>
          </methods>
          <lines>
            <line number="22" hits="0" branch="False" />
            <line number="23" hits="0" branch="False" />
            <line number="24" hits="0" branch="False" />
          </lines>
        </class>
        <class name="InteractHub.Application.Services.FriendshipService/&lt;Get10FriendsByReceiverId&gt;d__4" filename="Application\Services\FriendshipService.cs" line-rate="1" branch-rate="1" complexity="1">
          <methods>
            <method name="MoveNext" signature="()" line-rate="1" branch-rate="1" complexity="1">
              <lines>
                <line number="26" hits="2" branch="False" />
                <line number="27" hits="2" branch="False" />
                <line number="28" hits="2" branch="False" />
              </lines>
            </method>
          </methods>
          <lines>
            <line number="26" hits="2" branch="False" />
            <line number="27" hits="2" branch="False" />
            <line number="28" hits="2" branch="False" />
          </lines>
        </class>
        <class name="InteractHub.Application.Services.FriendshipService/&lt;Get10SuggestionsByUserId&gt;d__10" filename="Application\Services\FriendshipService.cs" line-rate="0" branch-rate="1" complexity="1">
          <methods>
            <method name="MoveNext" signature="()" line-rate="0" branch-rate="1" complexity="1">
              <lines>
                <line number="62" hits="0" branch="False" />
                <line number="63" hits="0" branch="False" />
                <line number="64" hits="0" branch="False" />
              </lines>
            </method>
          </methods>
          <lines>
            <line number="62" hits="0" branch="False" />
            <line number="63" hits="0" branch="False" />
            <line number="64" hits="0" branch="False" />
          </lines>
        </class>
        <class name="InteractHub.Application.Services.FriendshipService/&lt;GetAll&gt;d__2" filename="Application\Services\FriendshipService.cs" line-rate="0" branch-rate="1" complexity="1">
          <methods>
            <method name="MoveNext" signature="()" line-rate="0" branch-rate="1" complexity="1">
              <lines>
                <line number="18" hits="0" branch="False" />
                <line number="19" hits="0" branch="False" />
                <line number="20" hits="0" branch="False" />
              </lines>
            </method>
          </methods>
          <lines>
            <line number="18" hits="0" branch="False" />
            <line number="19" hits="0" branch="False" />
            <line number="20" hits="0" branch="False" />
          </lines>
        </class>
        <class name="InteractHub.Application.Services.FriendshipService/&lt;RejectFriendRequest&gt;d__8" filename="Application\Services\FriendshipService.cs" line-rate="0" branch-rate="1" complexity="1">
          <methods>
            <method name="MoveNext" signature="()" line-rate="0" branch-rate="1" complexity="1">
              <lines>
                <line number="53" hits="0" branch="False" />
                <line number="54" hits="0" branch="False" />
                <line number="55" hits="0" branch="False" />
              </lines>
            </method>
          </methods>
          <lines>
            <line number="53" hits="0" branch="False" />
            <line number="54" hits="0" branch="False" />
            <line number="55" hits="0" branch="False" />
          </lines>
        </class>
        <class name="InteractHub.Application.Services.FriendshipService/&lt;RemoveFriend&gt;d__9" filename="Application\Services\FriendshipService.cs" line-rate="0" branch-rate="1" complexity="1">
          <methods>
            <method name="MoveNext" signature="()" line-rate="0" branch-rate="1" complexity="1">
              <lines>
                <line number="58" hits="0" branch="False" />
                <line number="59" hits="0" branch="False" />
                <line number="60" hits="0" branch="False" />
              </lines>
            </method>
          </methods>
          <lines>
            <line number="58" hits="0" branch="False" />
            <line number="59" hits="0" branch="False" />
            <line number="60" hits="0" branch="False" />
          </lines>
        </class>
        <class name="InteractHub.Application.Services.LikeService" filename="Application\Services\LikeService .cs" line-rate="0" branch-rate="1" complexity="4">
          <methods>
            <method name="IsLikedAsync" signature="(System.Guid,System.String,System.Threading.CancellationToken)" line-rate="0" branch-rate="1" complexity="1">
              <lines>
                <line number="76" hits="0" branch="False" />
                <line number="77" hits="0" branch="False" />
                <line number="78" hits="0" branch="False" />
              </lines>
            </method>
            <method name="GetLikeCountAsync" signature="(System.Guid,System.Threading.CancellationToken)" line-rate="0" branch-rate="1" complexity="1">
              <lines>
                <line number="81" hits="0" branch="False" />
                <line number="82" hits="0" branch="False" />
                <line number="83" hits="0" branch="False" />
              </lines>
            </method>
            <method name="GetLikedPostsAsync" signature="(System.String,System.Threading.CancellationToken)" line-rate="0" branch-rate="1" complexity="1">
              <lines>
                <line number="86" hits="0" branch="False" />
                <line number="87" hits="0" branch="False" />
                <line number="88" hits="0" branch="False" />
              </lines>
            </method>
            <method name=".ctor" signature="(InteractHub.Application.Interfaces.Repositories.ILikeRepository,InteractHub.Application.Interfaces.Repositories.IPostRepository,InteractHub.Application.Interfaces.Repositories.INotificationRepository)" line-rate="0" branch-rate="1" complexity="1">
              <lines>
                <line number="15" hits="0" branch="False" />
                <line number="16" hits="0" branch="False" />
                <line number="17" hits="0" branch="False" />
                <line number="18" hits="0" branch="False" />
                <line number="19" hits="0" branch="False" />
                <line number="20" hits="0" branch="False" />
                <line number="21" hits="0" branch="False" />
                <line number="22" hits="0" branch="False" />
                <line number="23" hits="0" branch="False" />
              </lines>
            </method>
          </methods>
          <lines>
            <line number="76" hits="0" branch="False" />
            <line number="77" hits="0" branch="False" />
            <line number="78" hits="0" branch="False" />
            <line number="81" hits="0" branch="False" />
            <line number="82" hits="0" branch="False" />
            <line number="83" hits="0" branch="False" />
            <line number="86" hits="0" branch="False" />
            <line number="87" hits="0" branch="False" />
            <line number="88" hits="0" branch="False" />
            <line number="15" hits="0" branch="False" />
            <line number="16" hits="0" branch="False" />
            <line number="17" hits="0" branch="False" />
            <line number="18" hits="0" branch="False" />
            <line number="19" hits="0" branch="False" />
            <line number="20" hits="0" branch="False" />
            <line number="21" hits="0" branch="False" />
            <line number="22" hits="0" branch="False" />
            <line number="23" hits="0" branch="False" />
          </lines>
        </class>
        <class name="InteractHub.Application.Services.LikeService/&lt;LikeAsync&gt;d__4" filename="Application\Services\LikeService .cs" line-rate="0" branch-rate="0" complexity="6">
          <methods>
            <method name="MoveNext" signature="()" line-rate="0" branch-rate="0" complexity="6">
              <lines>
                <line number="26" hits="0" branch="False" />
                <line number="27" hits="0" branch="False" />
                <line number="28" hits="0" branch="True" condition-coverage="0% (0/2)">
                  <conditions>
                    <condition number="207" type="jump" coverage="0%" />
                  </conditions>
                </line>
                <line number="29" hits="0" branch="False" />
                <line number="31" hits="0" branch="False" />
                <line number="32" hits="0" branch="True" condition-coverage="0% (0/2)">
                  <conditions>
                    <condition number="384" type="jump" coverage="0%" />
                  </conditions>
                </line>
                <line number="33" hits="0" branch="False" />
                <line number="35" hits="0" branch="False" />
                <line number="36" hits="0" branch="False" />
                <line number="37" hits="0" branch="False" />
                <line number="38" hits="0" branch="False" />
                <line number="39" hits="0" branch="False" />
                <line number="40" hits="0" branch="False" />
                <line number="42" hits="0" branch="False" />
                <line number="43" hits="0" branch="False" />
                <line number="45" hits="0" branch="True" condition-coverage="0% (0/2)">
                  <conditions>
                    <condition number="708" type="jump" coverage="0%" />
                  </conditions>
                </line>
                <line number="46" hits="0" branch="False" />
                <line number="47" hits="0" branch="False" />
                <line number="48" hits="0" branch="False" />
                <line number="49" hits="0" branch="False" />
                <line number="50" hits="0" branch="False" />
                <line number="51" hits="0" branch="False" />
                <line number="52" hits="0" branch="False" />
                <line number="53" hits="0" branch="False" />
                <line number="54" hits="0" branch="False" />
                <line number="55" hits="0" branch="False" />
                <line number="56" hits="0" branch="False" />
                <line number="58" hits="0" branch="False" />
                <line number="59" hits="0" branch="False" />
                <line number="61" hits="0" branch="False" />
                <line number="62" hits="0" branch="False" />
              </lines>
            </method>
          </methods>
          <lines>
            <line number="26" hits="0" branch="False" />
            <line number="27" hits="0" branch="False" />
            <line number="28" hits="0" branch="True" condition-coverage="0% (0/2)">
              <conditions>
                <condition number="207" type="jump" coverage="0%" />
              </conditions>
            </line>
            <line number="29" hits="0" branch="False" />
            <line number="31" hits="0" branch="False" />
            <line number="32" hits="0" branch="True" condition-coverage="0% (0/2)">
              <conditions>
                <condition number="384" type="jump" coverage="0%" />
              </conditions>
            </line>
            <line number="33" hits="0" branch="False" />
            <line number="35" hits="0" branch="False" />
            <line number="36" hits="0" branch="False" />
            <line number="37" hits="0" branch="False" />
            <line number="38" hits="0" branch="False" />
            <line number="39" hits="0" branch="False" />
            <line number="40" hits="0" branch="False" />
            <line number="42" hits="0" branch="False" />
            <line number="43" hits="0" branch="False" />
            <line number="45" hits="0" branch="True" condition-coverage="0% (0/2)">
              <conditions>
                <condition number="708" type="jump" coverage="0%" />
              </conditions>
            </line>
            <line number="46" hits="0" branch="False" />
            <line number="47" hits="0" branch="False" />
            <line number="48" hits="0" branch="False" />
            <line number="49" hits="0" branch="False" />
            <line number="50" hits="0" branch="False" />
            <line number="51" hits="0" branch="False" />
            <line number="52" hits="0" branch="False" />
            <line number="53" hits="0" branch="False" />
            <line number="54" hits="0" branch="False" />
            <line number="55" hits="0" branch="False" />
            <line number="56" hits="0" branch="False" />
            <line number="58" hits="0" branch="False" />
            <line number="59" hits="0" branch="False" />
            <line number="61" hits="0" branch="False" />
            <line number="62" hits="0" branch="False" />
          </lines>
        </class>
        <class name="InteractHub.Application.Services.LikeService/&lt;UnlikeAsync&gt;d__5" filename="Application\Services\LikeService .cs" line-rate="0" branch-rate="0" complexity="2">
          <methods>
            <method name="MoveNext" signature="()" line-rate="0" branch-rate="0" complexity="2">
              <lines>
                <line number="65" hits="0" branch="False" />
                <line number="66" hits="0" branch="False" />
                <line number="67" hits="0" branch="True" condition-coverage="0% (0/2)">
                  <conditions>
                    <condition number="187" type="jump" coverage="0%" />
                  </conditions>
                </line>
                <line number="68" hits="0" branch="False" />
                <line number="70" hits="0" branch="False" />
                <line number="71" hits="0" branch="False" />
                <line number="72" hits="0" branch="False" />
                <line number="73" hits="0" branch="False" />
              </lines>
            </method>
          </methods>
          <lines>
            <line number="65" hits="0" branch="False" />
            <line number="66" hits="0" branch="False" />
            <line number="67" hits="0" branch="True" condition-coverage="0% (0/2)">
              <conditions>
                <condition number="187" type="jump" coverage="0%" />
              </conditions>
            </line>
            <line number="68" hits="0" branch="False" />
            <line number="70" hits="0" branch="False" />
            <line number="71" hits="0" branch="False" />
            <line number="72" hits="0" branch="False" />
            <line number="73" hits="0" branch="False" />
          </lines>
        </class>
        <class name="InteractHub.Application.Services.NotificationService" filename="Application\Services\NotificationService.cs" line-rate="0" branch-rate="1" complexity="1">
          <methods>
            <method name=".ctor" signature="(InteractHub.Application.Interfaces.Repositories.INotificationRepository,InteractHub.Application.Interfaces.Services.INotificationSender)" line-rate="0" branch-rate="1" complexity="1">
              <lines>
                <line number="14" hits="0" branch="False" />
                <line number="15" hits="0" branch="False" />
                <line number="16" hits="0" branch="False" />
                <line number="17" hits="0" branch="False" />
                <line number="18" hits="0" branch="False" />
              </lines>
            </method>
          </methods>
          <lines>
            <line number="14" hits="0" branch="False" />
            <line number="15" hits="0" branch="False" />
            <line number="16" hits="0" branch="False" />
            <line number="17" hits="0" branch="False" />
            <line number="18" hits="0" branch="False" />
          </lines>
        </class>
        <class name="InteractHub.Application.Services.NotificationService/&lt;CreateNotification&gt;d__6" filename="Application\Services\NotificationService.cs" line-rate="0" branch-rate="1" complexity="1">
          <methods>
            <method name="MoveNext" signature="()" line-rate="0" branch-rate="1" complexity="1">
              <lines>
                <line number="32" hits="0" branch="False" />
                <line number="33" hits="0" branch="False" />
                <line number="34" hits="0" branch="False" />
                <line number="35" hits="0" branch="False" />
                <line number="36" hits="0" branch="False" />
                <line number="37" hits="0" branch="False" />
                <line number="38" hits="0" branch="False" />
                <line number="39" hits="0" branch="False" />
                <line number="40" hits="0" branch="False" />
                <line number="41" hits="0" branch="False" />
                <line number="42" hits="0" branch="False" />
                <line number="43" hits="0" branch="False" />
                <line number="44" hits="0" branch="False" />
                <line number="45" hits="0" branch="False" />
                <line number="46" hits="0" branch="False" />
                <line number="49" hits="0" branch="False" />
                <line number="51" hits="0" branch="False" />
                <line number="52" hits="0" branch="False" />
              </lines>
            </method>
          </methods>
          <lines>
            <line number="32" hits="0" branch="False" />
            <line number="33" hits="0" branch="False" />
            <line number="34" hits="0" branch="False" />
            <line number="35" hits="0" branch="False" />
            <line number="36" hits="0" branch="False" />
            <line number="37" hits="0" branch="False" />
            <line number="38" hits="0" branch="False" />
            <line number="39" hits="0" branch="False" />
            <line number="40" hits="0" branch="False" />
            <line number="41" hits="0" branch="False" />
            <line number="42" hits="0" branch="False" />
            <line number="43" hits="0" branch="False" />
            <line number="44" hits="0" branch="False" />
            <line number="45" hits="0" branch="False" />
            <line number="46" hits="0" branch="False" />
            <line number="49" hits="0" branch="False" />
            <line number="51" hits="0" branch="False" />
            <line number="52" hits="0" branch="False" />
          </lines>
        </class>
        <class name="InteractHub.Application.Services.NotificationService/&lt;DeleteNotification&gt;d__8" filename="Application\Services\NotificationService.cs" line-rate="0" branch-rate="1" complexity="1">
          <methods>
            <method name="MoveNext" signature="()" line-rate="0" branch-rate="1" complexity="1">
              <lines>
                <line number="58" hits="0" branch="False" />
                <line number="59" hits="0" branch="False" />
                <line number="60" hits="0" branch="False" />
              </lines>
            </method>
          </methods>
          <lines>
            <line number="58" hits="0" branch="False" />
            <line number="59" hits="0" branch="False" />
            <line number="60" hits="0" branch="False" />
          </lines>
        </class>
        <class name="InteractHub.Application.Services.NotificationService/&lt;Get10NotificationsByRecipientId&gt;d__5" filename="Application\Services\NotificationService.cs" line-rate="0" branch-rate="1" complexity="1">
          <methods>
            <method name="MoveNext" signature="()" line-rate="0" branch-rate="1" complexity="1">
              <lines>
                <line number="28" hits="0" branch="False" />
                <line number="29" hits="0" branch="False" />
                <line number="30" hits="0" branch="False" />
              </lines>
            </method>
          </methods>
          <lines>
            <line number="28" hits="0" branch="False" />
            <line number="29" hits="0" branch="False" />
            <line number="30" hits="0" branch="False" />
          </lines>
        </class>
        <class name="InteractHub.Application.Services.NotificationService/&lt;GetAllNotifications&gt;d__3" filename="Application\Services\NotificationService.cs" line-rate="0" branch-rate="1" complexity="1">
          <methods>
            <method name="MoveNext" signature="()" line-rate="0" branch-rate="1" complexity="1">
              <lines>
                <line number="20" hits="0" branch="False" />
                <line number="21" hits="0" branch="False" />
                <line number="22" hits="0" branch="False" />
              </lines>
            </method>
          </methods>
          <lines>
            <line number="20" hits="0" branch="False" />
            <line number="21" hits="0" branch="False" />
            <line number="22" hits="0" branch="False" />
          </lines>
        </class>
        <class name="InteractHub.Application.Services.NotificationService/&lt;GetNotificationById&gt;d__4" filename="Application\Services\NotificationService.cs" line-rate="0" branch-rate="1" complexity="1">
          <methods>
            <method name="MoveNext" signature="()" line-rate="0" branch-rate="1" complexity="1">
              <lines>
                <line number="24" hits="0" branch="False" />
                <line number="25" hits="0" branch="False" />
                <line number="26" hits="0" branch="False" />
              </lines>
            </method>
          </methods>
          <lines>
            <line number="24" hits="0" branch="False" />
            <line number="25" hits="0" branch="False" />
            <line number="26" hits="0" branch="False" />
          </lines>
        </class>
        <class name="InteractHub.Application.Services.NotificationService/&lt;GetNotificationsByUserId&gt;d__9" filename="Application\Services\NotificationService.cs" line-rate="0" branch-rate="1" complexity="1">
          <methods>
            <method name="MoveNext" signature="()" line-rate="0" branch-rate="1" complexity="1">
              <lines>
                <line number="62" hits="0" branch="False" />
                <line number="63" hits="0" branch="False" />
                <line number="64" hits="0" branch="False" />
              </lines>
            </method>
          </methods>
          <lines>
            <line number="62" hits="0" branch="False" />
            <line number="63" hits="0" branch="False" />
            <line number="64" hits="0" branch="False" />
          </lines>
        </class>
        <class name="InteractHub.Application.Services.NotificationService/&lt;UpdateNotification&gt;d__7" filename="Application\Services\NotificationService.cs" line-rate="0" branch-rate="1" complexity="1">
          <methods>
            <method name="MoveNext" signature="()" line-rate="0" branch-rate="1" complexity="1">
              <lines>
                <line number="54" hits="0" branch="False" />
                <line number="55" hits="0" branch="False" />
                <line number="56" hits="0" branch="False" />
              </lines>
            </method>
          </methods>
          <lines>
            <line number="54" hits="0" branch="False" />
            <line number="55" hits="0" branch="False" />
            <line number="56" hits="0" branch="False" />
          </lines>
        </class>
        <class name="InteractHub.Application.Services.PostService" filename="Application\Services\PostService.cs" line-rate="1" branch-rate="1" complexity="1">
          <methods>
            <method name=".ctor" signature="(InteractHub.Application.Interfaces.Repositories.IPostRepository)" line-rate="1" branch-rate="1" complexity="1">
              <lines>
                <line number="13" hits="5" branch="False" />
                <line number="14" hits="5" branch="False" />
                <line number="15" hits="5" branch="False" />
                <line number="16" hits="5" branch="False" />
              </lines>
            </method>
          </methods>
          <lines>
            <line number="13" hits="5" branch="False" />
            <line number="14" hits="5" branch="False" />
            <line number="15" hits="5" branch="False" />
            <line number="16" hits="5" branch="False" />
          </lines>
        </class>
        <class name="InteractHub.Application.Services.PostService/&lt;CreatePost&gt;d__4" filename="Application\Services\PostService.cs" line-rate="0.4857" branch-rate="0.5" complexity="10">
          <methods>
            <method name="MoveNext" signature="()" line-rate="0.4857" branch-rate="0.5" complexity="10">
              <lines>
                <line number="27" hits="2" branch="False" />
                <line number="29" hits="2" branch="False" />
                <line number="32" hits="2" branch="False" />
                <line number="33" hits="2" branch="False" />
                <line number="34" hits="2" branch="False" />
                <line number="35" hits="2" branch="False" />
                <line number="36" hits="2" branch="False" />
                <line number="37" hits="2" branch="False" />
                <line number="38" hits="2" branch="False" />
                <line number="39" hits="2" branch="False" />
                <line number="40" hits="2" branch="False" />
                <line number="43" hits="2" branch="False" />
                <line number="44" hits="2" branch="True" condition-coverage="50% (2/4)">
                  <conditions>
                    <condition number="145" type="jump" coverage="50%" />
                    <condition number="168" type="jump" coverage="50%" />
                  </conditions>
                </line>
                <line number="45" hits="0" branch="False" />
                <line number="46" hits="0" branch="False" />
                <line number="47" hits="0" branch="True" condition-coverage="0% (0/2)">
                  <conditions>
                    <condition number="369" type="jump" coverage="0%" />
                  </conditions>
                </line>
                <line number="48" hits="0" branch="False" />
                <line number="49" hits="0" branch="False" />
                <line number="50" hits="0" branch="False" />
                <line number="51" hits="0" branch="False" />
                <line number="52" hits="0" branch="False" />
                <line number="53" hits="0" branch="False" />
                <line number="54" hits="0" branch="False" />
                <line number="55" hits="0" branch="False" />
                <line number="56" hits="0" branch="False" />
                <line number="57" hits="0" branch="False" />
                <line number="58" hits="0" branch="False" />
                <line number="59" hits="0" branch="False" />
                <line number="60" hits="0" branch="False" />
                <line number="63" hits="2" branch="True" condition-coverage="100% (2/2)">
                  <conditions>
                    <condition number="447" type="jump" coverage="100%" />
                  </conditions>
                </line>
                <line number="64" hits="2" branch="True" condition-coverage="50% (1/2)">
                  <conditions>
                    <condition number="591" type="jump" coverage="50%" />
                  </conditions>
                </line>
                <line number="65" hits="2" branch="False" />
                <line number="66" hits="2" branch="False" />
                <line number="68" hits="0" branch="False" />
                <line number="69" hits="0" branch="False" />
              </lines>
            </method>
          </methods>
          <lines>
            <line number="27" hits="2" branch="False" />
            <line number="29" hits="2" branch="False" />
            <line number="32" hits="2" branch="False" />
            <line number="33" hits="2" branch="False" />
            <line number="34" hits="2" branch="False" />
            <line number="35" hits="2" branch="False" />
            <line number="36" hits="2" branch="False" />
            <line number="37" hits="2" branch="False" />
            <line number="38" hits="2" branch="False" />
            <line number="39" hits="2" branch="False" />
            <line number="40" hits="2" branch="False" />
            <line number="43" hits="2" branch="False" />
            <line number="44" hits="2" branch="True" condition-coverage="50% (2/4)">
              <conditions>
                <condition number="145" type="jump" coverage="50%" />
                <condition number="168" type="jump" coverage="50%" />
              </conditions>
            </line>
            <line number="45" hits="0" branch="False" />
            <line number="46" hits="0" branch="False" />
            <line number="47" hits="0" branch="True" condition-coverage="0% (0/2)">
              <conditions>
                <condition number="369" type="jump" coverage="0%" />
              </conditions>
            </line>
            <line number="48" hits="0" branch="False" />
            <line number="49" hits="0" branch="False" />
            <line number="50" hits="0" branch="False" />
            <line number="51" hits="0" branch="False" />
            <line number="52" hits="0" branch="False" />
            <line number="53" hits="0" branch="False" />
            <line number="54" hits="0" branch="False" />
            <line number="55" hits="0" branch="False" />
            <line number="56" hits="0" branch="False" />
            <line number="57" hits="0" branch="False" />
            <line number="58" hits="0" branch="False" />
            <line number="59" hits="0" branch="False" />
            <line number="60" hits="0" branch="False" />
            <line number="63" hits="2" branch="True" condition-coverage="100% (2/2)">
              <conditions>
                <condition number="447" type="jump" coverage="100%" />
              </conditions>
            </line>
            <line number="64" hits="2" branch="True" condition-coverage="50% (1/2)">
              <conditions>
                <condition number="591" type="jump" coverage="50%" />
              </conditions>
            </line>
            <line number="65" hits="2" branch="False" />
            <line number="66" hits="2" branch="False" />
            <line number="68" hits="0" branch="False" />
            <line number="69" hits="0" branch="False" />
          </lines>
        </class>
        <class name="InteractHub.Application.Services.PostService/&lt;DeletePost&gt;d__6" filename="Application\Services\PostService.cs" line-rate="1" branch-rate="1" complexity="1">
          <methods>
            <method name="MoveNext" signature="()" line-rate="1" branch-rate="1" complexity="1">
              <lines>
                <line number="97" hits="1" branch="False" />
                <line number="98" hits="1" branch="False" />
                <line number="99" hits="1" branch="False" />
              </lines>
            </method>
          </methods>
          <lines>
            <line number="97" hits="1" branch="False" />
            <line number="98" hits="1" branch="False" />
            <line number="99" hits="1" branch="False" />
          </lines>
        </class>
        <class name="InteractHub.Application.Services.PostService/&lt;Get10Posts&gt;d__10" filename="Application\Services\PostService.cs" line-rate="0" branch-rate="1" complexity="1">
          <methods>
            <method name="MoveNext" signature="()" line-rate="0" branch-rate="1" complexity="1">
              <lines>
                <line number="129" hits="0" branch="False" />
                <line number="130" hits="0" branch="False" />
                <line number="131" hits="0" branch="False" />
              </lines>
            </method>
          </methods>
          <lines>
            <line number="129" hits="0" branch="False" />
            <line number="130" hits="0" branch="False" />
            <line number="131" hits="0" branch="False" />
          </lines>
        </class>
        <class name="InteractHub.Application.Services.PostService/&lt;Get10PostsByUserId&gt;d__11" filename="Application\Services\PostService.cs" line-rate="0" branch-rate="1" complexity="1">
          <methods>
            <method name="MoveNext" signature="()" line-rate="0" branch-rate="1" complexity="1">
              <lines>
                <line number="133" hits="0" branch="False" />
                <line number="134" hits="0" branch="False" />
                <line number="135" hits="0" branch="False" />
              </lines>
            </method>
          </methods>
          <lines>
            <line number="133" hits="0" branch="False" />
            <line number="134" hits="0" branch="False" />
            <line number="135" hits="0" branch="False" />
          </lines>
        </class>
        <class name="InteractHub.Application.Services.PostService/&lt;GetAllPosts&gt;d__2" filename="Application\Services\PostService.cs" line-rate="0" branch-rate="1" complexity="1">
          <methods>
            <method name="MoveNext" signature="()" line-rate="0" branch-rate="1" complexity="1">
              <lines>
                <line number="19" hits="0" branch="False" />
                <line number="20" hits="0" branch="False" />
                <line number="21" hits="0" branch="False" />
              </lines>
            </method>
          </methods>
          <lines>
            <line number="19" hits="0" branch="False" />
            <line number="20" hits="0" branch="False" />
            <line number="21" hits="0" branch="False" />
          </lines>
        </class>
        <class name="InteractHub.Application.Services.PostService/&lt;GetPostById&gt;d__3" filename="Application\Services\PostService.cs" line-rate="1" branch-rate="1" complexity="1">
          <methods>
            <method name="MoveNext" signature="()" line-rate="1" branch-rate="1" complexity="1">
              <lines>
                <line number="23" hits="2" branch="False" />
                <line number="24" hits="2" branch="False" />
                <line number="25" hits="2" branch="False" />
              </lines>
            </method>
          </methods>
          <lines>
            <line number="23" hits="2" branch="False" />
            <line number="24" hits="2" branch="False" />
            <line number="25" hits="2" branch="False" />
          </lines>
        </class>
        <class name="InteractHub.Application.Services.PostService/&lt;GetSharedPostsByUserId&gt;d__9" filename="Application\Services\PostService.cs" line-rate="0" branch-rate="1" complexity="1">
          <methods>
            <method name="MoveNext" signature="()" line-rate="0" branch-rate="1" complexity="1">
              <lines>
                <line number="125" hits="0" branch="False" />
                <line number="126" hits="0" branch="False" />
                <line number="127" hits="0" branch="False" />
              </lines>
            </method>
          </methods>
          <lines>
            <line number="125" hits="0" branch="False" />
            <line number="126" hits="0" branch="False" />
            <line number="127" hits="0" branch="False" />
          </lines>
        </class>
        <class name="InteractHub.Application.Services.PostService/&lt;GetSharesByPostIdAsync&gt;d__8" filename="Application\Services\PostService.cs" line-rate="0" branch-rate="1" complexity="1">
          <methods>
            <method name="MoveNext" signature="()" line-rate="0" branch-rate="1" complexity="1">
              <lines>
                <line number="120" hits="0" branch="False" />
                <line number="121" hits="0" branch="False" />
                <line number="122" hits="0" branch="False" />
              </lines>
            </method>
          </methods>
          <lines>
            <line number="120" hits="0" branch="False" />
            <line number="121" hits="0" branch="False" />
            <line number="122" hits="0" branch="False" />
          </lines>
        </class>
        <class name="InteractHub.Application.Services.PostService/&lt;SharePostAsync&gt;d__7" filename="Application\Services\PostService.cs" line-rate="0" branch-rate="0" complexity="4">
          <methods>
            <method name="MoveNext" signature="()" line-rate="0" branch-rate="0" complexity="4">
              <lines>
                <line number="101" hits="0" branch="False" />
                <line number="103" hits="0" branch="False" />
                <line number="104" hits="0" branch="True" condition-coverage="0% (0/2)">
                  <conditions>
                    <condition number="175" type="jump" coverage="0%" />
[...]
              <lines>
                <line number="11" hits="5" branch="False" />
              </lines>
            </method>
            <method name="get_Media" signature="()" line-rate="1" branch-rate="1" complexity="1">
              <lines>
                <line number="12" hits="5" branch="False" />
              </lines>
            </method>
            <method name="get_Comments" signature="()" line-rate="1" branch-rate="1" complexity="1">
              <lines>
                <line number="13" hits="5" branch="False" />
              </lines>
            </method>
            <method name="get_Likes" signature="()" line-rate="1" branch-rate="1" complexity="1">
              <lines>
                <line number="14" hits="5" branch="False" />
              </lines>
            </method>
            <method name="get_Reports" signature="()" line-rate="1" branch-rate="1" complexity="1">
              <lines>
                <line number="15" hits="5" branch="False" />
              </lines>
            </method>
            <method name="get_PostHashtags" signature="()" line-rate="1" branch-rate="1" complexity="1">
              <lines>
                <line number="16" hits="5" branch="False" />
              </lines>
            </method>
            <method name="get_Shares" signature="()" line-rate="1" branch-rate="1" complexity="1">
              <lines>
                <line number="17" hits="5" branch="False" />
              </lines>
            </method>
          </methods>
          <lines>
            <line number="6" hits="7" branch="False" />
            <line number="7" hits="10" branch="False" />
            <line number="8" hits="7" branch="False" />
            <line number="11" hits="5" branch="False" />
            <line number="12" hits="5" branch="False" />
            <line number="13" hits="5" branch="False" />
            <line number="14" hits="5" branch="False" />
            <line number="15" hits="5" branch="False" />
            <line number="16" hits="5" branch="False" />
            <line number="17" hits="5" branch="False" />
          </lines>
        </class>
        <class name="InteractHub.Domain.Entities.PostHashtag" filename="Domain\Entities\PostHashtag.cs" line-rate="0" branch-rate="1" complexity="5">
          <methods>
            <method name="get_PostId" signature="()" line-rate="0" branch-rate="1" complexity="1">
              <lines>
                <line number="5" hits="0" branch="False" />
              </lines>
            </method>
            <method name="get_HashtagId" signature="()" line-rate="0" branch-rate="1" complexity="1">
              <lines>
                <line number="6" hits="0" branch="False" />
              </lines>
            </method>
            <method name="get_CreatedAt" signature="()" line-rate="0" branch-rate="1" complexity="1">
              <lines>
                <line number="7" hits="0" branch="False" />
              </lines>
            </method>
            <method name="get_Post" signature="()" line-rate="0" branch-rate="1" complexity="1">
              <lines>
                <line number="10" hits="0" branch="False" />
              </lines>
            </method>
            <method name="get_Hashtag" signature="()" line-rate="0" branch-rate="1" complexity="1">
              <lines>
                <line number="11" hits="0" branch="False" />
              </lines>
            </method>
          </methods>
          <lines>
            <line number="5" hits="0" branch="False" />
            <line number="6" hits="0" branch="False" />
            <line number="7" hits="0" branch="False" />
            <line number="10" hits="0" branch="False" />
            <line number="11" hits="0" branch="False" />
          </lines>
        </class>
        <class name="InteractHub.Domain.Entities.PostMedia" filename="Domain\Entities\PostMedia.cs" line-rate="0" branch-rate="1" complexity="5">
          <methods>
            <method name="get_PostId" signature="()" line-rate="0" branch-rate="1" complexity="1">
              <lines>
                <line number="6" hits="0" branch="False" />
              </lines>
            </method>
            <method name="get_MediaUrl" signature="()" line-rate="0" branch-rate="1" complexity="1">
              <lines>
                <line number="7" hits="0" branch="False" />
              </lines>
            </method>
            <method name="get_MediaType" signature="()" line-rate="0" branch-rate="1" complexity="1">
              <lines>
                <line number="8" hits="0" branch="False" />
              </lines>
            </method>
            <method name="get_SortOrder" signature="()" line-rate="0" branch-rate="1" complexity="1">
              <lines>
                <line number="9" hits="0" branch="False" />
              </lines>
            </method>
            <method name="get_Post" signature="()" line-rate="0" branch-rate="1" complexity="1">
              <lines>
                <line number="12" hits="0" branch="False" />
              </lines>
            </method>
          </methods>
          <lines>
            <line number="6" hits="0" branch="False" />
            <line number="7" hits="0" branch="False" />
            <line number="8" hits="0" branch="False" />
            <line number="9" hits="0" branch="False" />
            <line number="12" hits="0" branch="False" />
          </lines>
        </class>
        <class name="InteractHub.Domain.Entities.PostReport" filename="Domain\Entities\PostReport.cs" line-rate="0" branch-rate="1" complexity="9">
          <methods>
            <method name="get_PostId" signature="()" line-rate="0" branch-rate="1" complexity="1">
              <lines>
                <line number="6" hits="0" branch="False" />
              </lines>
            </method>
            <method name="get_ReporterId" signature="()" line-rate="0" branch-rate="1" complexity="1">
              <lines>
                <line number="7" hits="0" branch="False" />
              </lines>
            </method>
            <method name="get_Reason" signature="()" line-rate="0" branch-rate="1" complexity="1">
              <lines>
                <line number="8" hits="0" branch="False" />
              </lines>
            </method>
            <method name="get_Status" signature="()" line-rate="0" branch-rate="1" complexity="1">
              <lines>
                <line number="9" hits="0" branch="False" />
              </lines>
            </method>
            <method name="get_ReviewedById" signature="()" line-rate="0" branch-rate="1" complexity="1">
              <lines>
                <line number="10" hits="0" branch="False" />
              </lines>
            </method>
            <method name="get_ReviewedAt" signature="()" line-rate="0" branch-rate="1" complexity="1">
              <lines>
                <line number="11" hits="0" branch="False" />
              </lines>
            </method>
            <method name="get_Post" signature="()" line-rate="0" branch-rate="1" complexity="1">
              <lines>
                <line number="14" hits="0" branch="False" />
              </lines>
            </method>
            <method name="get_Reporter" signature="()" line-rate="0" branch-rate="1" complexity="1">
              <lines>
                <line number="15" hits="0" branch="False" />
              </lines>
            </method>
            <method name="get_ReviewedBy" signature="()" line-rate="0" branch-rate="1" complexity="1">
              <lines>
                <line number="16" hits="0" branch="False" />
              </lines>
            </method>
          </methods>
          <lines>
            <line number="6" hits="0" branch="False" />
            <line number="7" hits="0" branch="False" />
            <line number="8" hits="0" branch="False" />
            <line number="9" hits="0" branch="False" />
            <line number="10" hits="0" branch="False" />
            <line number="11" hits="0" branch="False" />
            <line number="14" hits="0" branch="False" />
            <line number="15" hits="0" branch="False" />
            <line number="16" hits="0" branch="False" />
          </lines>
        </class>
        <class name="InteractHub.Domain.Entities.PostShare" filename="Domain\Entities\PostShare.cs" line-rate="0" branch-rate="1" complexity="4">
          <methods>
            <method name="get_PostId" signature="()" line-rate="0" branch-rate="1" complexity="1">
              <lines>
                <line number="7" hits="0" branch="False" />
              </lines>
            </method>
            <method name="get_SharerId" signature="()" line-rate="0" branch-rate="1" complexity="1">
              <lines>
                <line number="8" hits="0" branch="False" />
              </lines>
            </method>
            <method name="get_Comment" signature="()" line-rate="0" branch-rate="1" complexity="1">
              <lines>
                <line number="9" hits="0" branch="False" />
              </lines>
            </method>
            <method name="get_Post" signature="()" line-rate="0" branch-rate="1" complexity="1">
              <lines>
                <line number="12" hits="0" branch="False" />
              </lines>
            </method>
          </methods>
          <lines>
            <line number="7" hits="0" branch="False" />
            <line number="8" hits="0" branch="False" />
            <line number="9" hits="0" branch="False" />
            <line number="12" hits="0" branch="False" />
          </lines>
        </class>
        <class name="InteractHub.Domain.Entities.Story" filename="Domain\Entities\Story.cs" line-rate="0" branch-rate="1" complexity="7">
          <methods>
            <method name="get_UserId" signature="()" line-rate="0" branch-rate="1" complexity="1">
              <lines>
                <line number="6" hits="0" branch="False" />
              </lines>
            </method>
            <method name="get_Content" signature="()" line-rate="0" branch-rate="1" complexity="1">
              <lines>
                <line number="7" hits="0" branch="False" />
              </lines>
            </method>
            <method name="get_MediaUrl" signature="()" line-rate="0" branch-rate="1" complexity="1">
              <lines>
                <line number="8" hits="0" branch="False" />
              </lines>
            </method>
            <method name="get_MediaType" signature="()" line-rate="0" branch-rate="1" complexity="1">
              <lines>
                <line number="9" hits="0" branch="False" />
              </lines>
            </method>
            <method name="get_ExpireAt" signature="()" line-rate="0" branch-rate="1" complexity="1">
              <lines>
                <line number="10" hits="0" branch="False" />
              </lines>
            </method>
            <method name="get_IsActive" signature="()" line-rate="0" branch-rate="1" complexity="1">
              <lines>
                <line number="11" hits="0" branch="False" />
              </lines>
            </method>
            <method name="get_User" signature="()" line-rate="0" branch-rate="1" complexity="1">
              <lines>
                <line number="14" hits="0" branch="False" />
              </lines>
            </method>
          </methods>
          <lines>
            <line number="6" hits="0" branch="False" />
            <line number="7" hits="0" branch="False" />
            <line number="8" hits="0" branch="False" />
            <line number="9" hits="0" branch="False" />
            <line number="10" hits="0" branch="False" />
            <line number="11" hits="0" branch="False" />
            <line number="14" hits="0" branch="False" />
          </lines>
        </class>
        <class name="InteractHub.Domain.Base.AuditableEntity" filename="Domain\Base\AuditableEntity.cs" line-rate="0" branch-rate="1" complexity="7">
          <methods>
            <method name="get_CreatedAt" signature="()" line-rate="0" branch-rate="1" complexity="1">
              <lines>
                <line number="5" hits="0" branch="False" />
              </lines>
            </method>
            <method name="get_UpdatedAt" signature="()" line-rate="0" branch-rate="1" complexity="1">
              <lines>
                <line number="6" hits="0" branch="False" />
              </lines>
            </method>
            <method name="get_CreatedById" signature="()" line-rate="0" branch-rate="1" complexity="1">
              <lines>
                <line number="8" hits="0" branch="False" />
              </lines>
            </method>
            <method name="get_UpdatedById" signature="()" line-rate="0" branch-rate="1" complexity="1">
              <lines>
                <line number="9" hits="0" branch="False" />
              </lines>
            </method>
            <method name="get_IsDeleted" signature="()" line-rate="0" branch-rate="1" complexity="1">
              <lines>
                <line number="11" hits="0" branch="False" />
              </lines>
            </method>
            <method name="get_DeletedAt" signature="()" line-rate="0" branch-rate="1" complexity="1">
              <lines>
                <line number="12" hits="0" branch="False" />
              </lines>
            </method>
            <method name="get_DeletedById" signature="()" line-rate="0" branch-rate="1" complexity="1">
              <lines>
                <line number="13" hits="0" branch="False" />
              </lines>
            </method>
          </methods>
          <lines>
            <line number="5" hits="0" branch="False" />
            <line number="6" hits="0" branch="False" />
            <line number="8" hits="0" branch="False" />
            <line number="9" hits="0" branch="False" />
            <line number="11" hits="0" branch="False" />
            <line number="12" hits="0" branch="False" />
            <line number="13" hits="0" branch="False" />
          </lines>
        </class>
        <class name="InteractHub.Domain.Base.BaseEntity" filename="Domain\Base\BaseEntity.cs" line-rate="0.75" branch-rate="1" complexity="4">
          <methods>
            <method name="get_Id" signature="()" line-rate="1" branch-rate="1" complexity="1">
              <lines>
                <line number="5" hits="14" branch="False" />
              </lines>
            </method>
            <method name="get_CreatedAt" signature="()" line-rate="1" branch-rate="1" complexity="1">
              <lines>
                <line number="6" hits="10" branch="False" />
              </lines>
            </method>
            <method name="get_UpdatedAt" signature="()" line-rate="0" branch-rate="1" complexity="1">
              <lines>
                <line number="7" hits="0" branch="False" />
              </lines>
            </method>
            <method name="get_IsDeleted" signature="()" line-rate="1" branch-rate="1" complexity="1">
              <lines>
                <line number="8" hits="10" branch="False" />
              </lines>
            </method>
          </methods>
          <lines>
            <line number="5" hits="14" branch="False" />
            <line number="6" hits="10" branch="False" />
            <line number="7" hits="0" branch="False" />
            <line number="8" hits="10" branch="False" />
          </lines>
        </class>
      </classes>
    </package>
    <package name="Infrastructure" line-rate="0.2727" branch-rate="1" complexity="11">
      <classes>
        <class name="InteractHub.Infrastructure.Options.BlobStorageOptions" filename="Infrastructure\Options\BlobStorageOptions.cs" line-rate="0" branch-rate="1" complexity="3">
          <methods>
            <method name="get_ConnectionString" signature="()" line-rate="0" branch-rate="1" complexity="1">
              <lines>
                <line number="7" hits="0" branch="False" />
              </lines>
            </method>
            <method name="get_ContainerName" signature="()" line-rate="0" branch-rate="1" complexity="1">
              <lines>
                <line number="9" hits="0" branch="False" />
              </lines>
            </method>
            <method name="get_LocalStoragePath" signature="()" line-rate="0" branch-rate="1" complexity="1">
              <lines>
                <line number="11" hits="0" branch="False" />
              </lines>
            </method>
          </methods>
          <lines>
            <line number="7" hits="0" branch="False" />
            <line number="9" hits="0" branch="False" />
            <line number="11" hits="0" branch="False" />
          </lines>
        </class>
        <class name="InteractHub.Infrastructure.Options.CorsOptions" filename="Infrastructure\Options\CorsOptions.cs" line-rate="0" branch-rate="1" complexity="1">
          <methods>
            <method name="get_AllowedOrigins" signature="()" line-rate="0" branch-rate="1" complexity="1">
              <lines>
                <line number="7" hits="0" branch="False" />
              </lines>
            </method>
          </methods>
          <lines>
            <line number="7" hits="0" branch="False" />
          </lines>
        </class>
        <class name="InteractHub.Infrastructure.Options.IdentitySeedOptions" filename="Infrastructure\Options\IdentitySeedOptions.cs" line-rate="1" branch-rate="1" complexity="3">
          <methods>
            <method name="get_Email" signature="()" line-rate="1" branch-rate="1" complexity="1">
              <lines>
                <line number="7" hits="5" branch="False" />
              </lines>
            </method>
            <method name="get_Password" signature="()" line-rate="1" branch-rate="1" complexity="1">
              <lines>
                <line number="8" hits="5" branch="False" />
              </lines>
            </method>
            <method name="get_FullName" signature="()" line-rate="1" branch-rate="1" complexity="1">
              <lines>
                <line number="9" hits="5" branch="False" />
              </lines>
            </method>
          </methods>
          <lines>
            <line number="7" hits="5" branch="False" />
            <line number="8" hits="5" branch="False" />
            <line number="9" hits="5" branch="False" />
          </lines>
        </class>
        <class name="InteractHub.Infrastructure.Options.JwtOptions" filename="Infrastructure\Options\JwtOptions.cs" line-rate="0" branch-rate="1" complexity="4">
          <methods>
            <method name="get_Issuer" signature="()" line-rate="0" branch-rate="1" complexity="1">
              <lines>
                <line number="7" hits="0" branch="False" />
              </lines>
            </method>
            <method name="get_Audience" signature="()" line-rate="0" branch-rate="1" complexity="1">
              <lines>
                <line number="8" hits="0" branch="False" />
              </lines>
            </method>
            <method name="get_SecretKey" signature="()" line-rate="0" branch-rate="1" complexity="1">
              <lines>
                <line number="9" hits="0" branch="False" />
              </lines>
            </method>
            <method name="get_AccessTokenExpirationMinutes" signature="()" line-rate="0" branch-rate="1" complexity="1">
              <lines>
                <line number="10" hits="0" branch="False" />
              </lines>
            </method>
          </methods>
          <lines>
            <line number="7" hits="0" branch="False" />
            <line number="8" hits="0" branch="False" />
            <line number="9" hits="0" branch="False" />
            <line number="10" hits="0" branch="False" />
          </lines>
        </class>
      </classes>
    </package>
  </packages>
</coverage>